{"timestamp":"2020-03-25T12:57:39+05:30","message":"User validation failed: password: Path `password` is required.","origin":"userController: createUser","level":"error"}
{"timestamp":"2020-03-25T12:58:13+05:30","message":"User validation failed: password: Path `password` is required.","origin":"userController: createUser","level":"error"}
{"timestamp":"2020-03-25T12:58:56+05:30","message":"User validation failed: password: Path `password` is required.","origin":"userController: createUser","level":"error"}
{"timestamp":"2020-03-25T13:01:08+05:30","message":"User validation failed: password: Path `password` is required.","origin":"userController: createUser","level":"error"}
{"timestamp":"2020-03-25T13:51:19+05:30","message":"User cannot be created as it is already registered","origin":"userController : createUser","level":"error"}
{"timestamp":"2020-03-25T14:20:55+05:30","message":"User found successfully","origin":"userController : findUser","level":"info"}
{"timestamp":"2020-03-25T14:20:55+05:30","message":"Token generation problem","origin":"userController : generateToken","level":"error"}
{"timestamp":"2020-03-25T14:22:22+05:30","message":"User found successfully","origin":"userController : findUser","level":"info"}
{"timestamp":"2020-03-25T14:22:22+05:30","message":"Token generation problem","origin":"userController : generateToken","level":"error"}
{"timestamp":"2020-03-25T14:23:16+05:30","message":"User found successfully","origin":"userController : findUser","level":"info"}
{"timestamp":"2020-03-25T14:23:16+05:30","message":"Token generation problem","origin":"userController : generateToken","level":"error"}
{"timestamp":"2020-03-25T14:35:03+05:30","message":"User found successfully","origin":"userController : findUser","level":"info"}
{"timestamp":"2020-03-25T14:37:28+05:30","message":"User found successfully","origin":"userController : findUser","level":"info"}
{"timestamp":"2020-03-25T14:53:18+05:30","message":"User found successfully","origin":"userController : findUser","level":"info"}
{"timestamp":"2020-03-25T14:53:18+05:30","message":"Invalid Password","origin":"userController : validatePassword","level":"error"}
{"timestamp":"2020-03-25T18:05:51+05:30","message":"User found successfully","origin":"userController : findUser","level":"info"}
{"timestamp":"2020-03-25T18:06:16+05:30","message":"User found successfully","origin":"userController : findUser","level":"info"}
{"timestamp":"2020-03-25T18:07:12+05:30","message":"User found successfully","origin":"userController : findUser","level":"info"}
{"timestamp":"2020-03-25T18:21:33+05:30","message":"User found successfully","origin":"userController : findUser","level":"info"}
{"timestamp":"2020-03-25T18:23:39+05:30","message":"User found successfully","origin":"userController : findUser","level":"info"}
{"timestamp":"2020-03-25T18:23:59+05:30","message":"User found successfully","origin":"userController : findUser","level":"info"}
{"timestamp":"2020-03-25T18:25:38+05:30","message":"User found successfully","origin":"userController : findUser","level":"info"}
{"timestamp":"2020-03-25T18:26:40+05:30","message":"User found successfully","origin":"userController : findUser","level":"info"}
{"timestamp":"2020-03-25T18:28:20+05:30","message":"User found successfully","origin":"userController : findUser","level":"info"}
{"timestamp":"2020-03-25T18:28:48+05:30","message":"Unable to fin user","origin":"userController : findUser","level":"error"}
{"timestamp":"2020-03-25T18:30:39+05:30","message":"Unable to find user","origin":"userController : findUser","level":"error"}
{"timestamp":"2020-03-25T18:32:07+05:30","message":"Unable to find user","origin":"userController : findUser","level":"error"}
